X:1

T:inthebleakmidwinter.tef

C:

N:

L:1/8

Q:240

M:4/4

K:C

|-------------0------------|--------------------------|--------------------------|
|-0--------1--------0------|--------------------------|----------0---------------|
|--------------------------|-2-----------0------------|-2-----------2------------|
|--------------------------|--------------------------|-------------------2------|

|--------------------------|-------------0------------|--------------------------|
|--------------------------|-0--------1--------0------|--------------------------|
|-2------------------------|--------------------------|-2-----------0------------|
|--------------------------|--------------------------|--------------------------|

|--------------------------|--------------------------|-------------------0------|
|-------0------------------|--------------------------|-1--------0--1------------|
|-2-----------2--------0---|-0------------------------|--------------------------|
|--------------------------|--------------------------|--------------------------|

|-2------------------------|-0------------------------|--------------------------|
|-------------0------------|-------0------------------|--------------------------|
|--------------------------|-------------2-----0------|--------------------------|
|--------------------------|--------------------------|-3------------------------|

|-------------0------------|--------------------------|--------------------------|
|-0--------1--------0------|--------------------------|-------0------------------|
|--------------------------|-2-----------0------------|-2-----------2--------0---|
|--------------------------|--------------------------|--------------------------|

W:Created with TablEdit https://www.tabledit.com/

|--------------------------|
|--------------------------|
|-0------------------------|
|--------------------------|

